<?xml version="1.0" encoding="UTF-8"?>
<testsuite name="com.example.myservice.MyserviceApplicationTests" tests="1" skipped="0" failures="0" errors="0" timestamp="2024-04-20T21:53:30" hostname="MSI" time="0.356">
  <properties/>
  <testcase name="contextLoads()" classname="com.example.myservice.MyserviceApplicationTests" time="0.356"/>
  <system-out><![CDATA[23:53:28.690 [Test worker] DEBUG org.springframework.boot.test.context.SpringBootTestContextBootstrapper - Neither @ContextConfiguration nor @ContextHierarchy found for test class [MyserviceApplicationTests]: using SpringBootContextLoader
23:53:28.695 [Test worker] DEBUG org.springframework.test.context.support.AbstractContextLoader - Could not detect default resource locations for test class [com.example.myservice.MyserviceApplicationTests]: no resource found for suffixes {-context.xml, Context.groovy}.
23:53:28.696 [Test worker] INFO org.springframework.test.context.support.AnnotationConfigContextLoaderUtils - Could not detect default configuration classes for test class [com.example.myservice.MyserviceApplicationTests]: MyserviceApplicationTests does not declare any static, non-private, non-final, nested classes annotated with @Configuration.
23:53:28.721 [Test worker] DEBUG org.springframework.boot.test.context.SpringBootTestContextBootstrapper - Using ContextCustomizers for test class [MyserviceApplicationTests]: [DisableObservabilityContextCustomizer, PropertyMappingContextCustomizer, Customizer, ExcludeFilterContextCustomizer, DuplicateJsonObjectContextCustomizer, MockitoContextCustomizer, TestRestTemplateContextCustomizer]
23:53:28.785 [Test worker] DEBUG org.springframework.context.annotation.ClassPathScanningCandidateComponentProvider - Identified candidate component class: file [C:\Users\jiang\OneDrive\Documents\ProgDist\kubernetes-minikube-main\MyService\build\classes\java\main\com\example\myservice\MyServiceApplication.class]
23:53:28.800 [Test worker] INFO org.springframework.boot.test.context.SpringBootTestContextBootstrapper - Found @SpringBootConfiguration com.example.myservice.MyServiceApplication for test class com.example.myservice.MyserviceApplicationTests
23:53:28.893 [Test worker] DEBUG org.springframework.test.context.util.TestContextSpringFactoriesUtils - Skipping candidate TestExecutionListener [org.springframework.test.context.transaction.TransactionalTestExecutionListener] due to a missing dependency. Specify custom TestExecutionListener classes or make the default TestExecutionListener classes and their required dependencies available. Offending class: [org/springframework/transaction/interceptor/TransactionAttributeSource]
23:53:28.894 [Test worker] DEBUG org.springframework.test.context.util.TestContextSpringFactoriesUtils - Skipping candidate TestExecutionListener [org.springframework.test.context.jdbc.SqlScriptsTestExecutionListener] due to a missing dependency. Specify custom TestExecutionListener classes or make the default TestExecutionListener classes and their required dependencies available. Offending class: [org/springframework/transaction/interceptor/TransactionAttribute]
23:53:28.895 [Test worker] DEBUG org.springframework.boot.test.context.SpringBootTestContextBootstrapper - Using TestExecutionListeners for test class [MyserviceApplicationTests]: [ServletTestExecutionListener, DirtiesContextBeforeModesTestExecutionListener, ApplicationEventsTestExecutionListener, MockitoTestExecutionListener, DependencyInjectionTestExecutionListener, DirtiesContextTestExecutionListener, EventPublishingTestExecutionListener, RestDocsTestExecutionListener, MockRestServiceServerResetTestExecutionListener, MockMvcPrintOnlyOnFailureTestExecutionListener, WebDriverTestExecutionListener, MockWebServiceServerTestExecutionListener, ResetMocksTestExecutionListener]
23:53:28.897 [Test worker] DEBUG org.springframework.test.context.support.AbstractDirtiesContextTestExecutionListener - Before test class: class [MyserviceApplicationTests], class annotated with @DirtiesContext [false] with mode [null]

  .   ____          _            __ _ _
 /\\ / ___'_ __ _ _(_)_ __  __ _ \ \ \ \
( ( )\___ | '_ | '_| | '_ \/ _` | \ \ \ \
 \\/  ___)| |_)| | | | | || (_| |  ) ) ) )
  '  |____| .__|_| |_|_| |_\__, | / / / /
 =========|_|==============|___/=/_/_/_/
 :: Spring Boot ::                (v3.0.0)

2024-04-20T23:53:29.140+02:00  INFO 17260 --- [    Test worker] c.e.myservice.MyserviceApplicationTests  : Starting MyserviceApplicationTests using Java 17.0.4.1 with PID 17260 (started by jiang in C:\Users\jiang\OneDrive\Documents\ProgDist\kubernetes-minikube-main\MyService)
2024-04-20T23:53:29.142+02:00  INFO 17260 --- [    Test worker] c.e.myservice.MyserviceApplicationTests  : No active profile set, falling back to 1 default profile: "default"
2024-04-20T23:53:30.082+02:00  INFO 17260 --- [    Test worker] c.e.myservice.MyserviceApplicationTests  : Started MyserviceApplicationTests in 1.141 seconds (process running for 2.149)
]]></system-out>
  <system-err><![CDATA[]]></system-err>
</testsuite>
